# JRE version: Java(TM) SE Runtime Environment (8.0_241-b07) (build 1.8.0_241-b07)
# Java VM: Java HotSpot(TM) Client VM (25.241-b07 mixed mode windows-x86 )
Heap:
 def new generation   total 25024K, used 23494K [0x03c00000, 0x05720000, 0x19150000)
  eden space 22272K,  94% used [0x03c00000, 0x050a3290, 0x051c0000)
  from space 2752K,  85% used [0x051c0000, 0x0540e578, 0x05470000)
  to   space 2752K,   0% used [0x05470000, 0x05470000, 0x05720000)
 tenured generation   total 88732K, used 54411K [0x19150000, 0x1e7f7000, 0x43c00000)
   the space 88732K,  61% used [0x19150000, 0x1c672d00, 0x1c672e00, 0x1e7f7000)
 Metaspace       used 45076K, capacity 46449K, committed 46720K, reserved 47488K
GC Heap History (10 events):
Event: 10085.707 GC heap before
{Heap before GC invocations=138 (full 6):
 def new generation   total 25024K, used 22453K [0x03c00000, 0x05720000, 0x19150000)
  eden space 22272K, 100% used [0x03c00000, 0x051c0000, 0x051c0000)
  from space 2752K,   6% used [0x05470000, 0x0549d5a0, 0x05720000)
  to   space 2752K,   0% used [0x051c0000, 0x051c0000, 0x05470000)
 tenured generation   total 88732K, used 53237K [0x19150000, 0x1e7f7000, 0x43c00000)
   the space 88732K,  59% used [0x19150000, 0x1c54d538, 0x1c54d600, 0x1e7f7000)
 Metaspace       used 42797K, capacity 44104K, committed 44928K, reserved 45440K
Event: 10085.718 GC heap after
Heap after GC invocations=139 (full 6):
 def new generation   total 25024K, used 300K [0x03c00000, 0x05720000, 0x19150000)
  eden space 22272K,   0% used [0x03c00000, 0x03c00000, 0x051c0000)
  from space 2752K,  10% used [0x051c0000, 0x0520b360, 0x05470000)
  to   space 2752K,   0% used [0x05470000, 0x05470000, 0x05720000)
 tenured generation   total 88732K, used 53237K [0x19150000, 0x1e7f7000, 0x43c00000)
   the space 88732K,  59% used [0x19150000, 0x1c54d538, 0x1c54d600, 0x1e7f7000)
 Metaspace       used 42797K, capacity 44104K, committed 44928K, reserved 45440K
}
Event: 10090.015 GC heap before
{Heap before GC invocations=139 (full 6):
 def new generation   total 25024K, used 22572K [0x03c00000, 0x05720000, 0x19150000)
  eden space 22272K, 100% used [0x03c00000, 0x051c0000, 0x051c0000)
  from space 2752K,  10% used [0x051c0000, 0x0520b360, 0x05470000)
  to   space 2752K,   0% used [0x05470000, 0x05470000, 0x05720000)
 tenured generation   total 88732K, used 53237K [0x19150000, 0x1e7f7000, 0x43c00000)
   the space 88732K,  59% used [0x19150000, 0x1c54d538, 0x1c54d600, 0x1e7f7000)
 Metaspace       used 42973K, capacity 44296K, committed 44928K, reserved 45440K
Event: 10090.030 GC heap after
Heap after GC invocations=140 (full 6):
 def new generation   total 25024K, used 1349K [0x03c00000, 0x05720000, 0x19150000)
  eden space 22272K,   0% used [0x03c00000, 0x03c00000, 0x051c0000)
  from space 2752K,  49% used [0x05470000, 0x055c16a8, 0x05720000)
  to   space 2752K,   0% used [0x051c0000, 0x051c0000, 0x05470000)
 tenured generation   total 88732K, used 53237K [0x19150000, 0x1e7f7000, 0x43c00000)
   the space 88732K,  59% used [0x19150000, 0x1c54d538, 0x1c54d600, 0x1e7f7000)
 Metaspace       used 42973K, capacity 44296K, committed 44928K, reserved 45440K
}
Event: 10093.421 GC heap before
{Heap before GC invocations=140 (full 6):
 def new generation   total 25024K, used 23621K [0x03c00000, 0x05720000, 0x19150000)
  eden space 22272K, 100% used [0x03c00000, 0x051c0000, 0x051c0000)
  from space 2752K,  49% used [0x05470000, 0x055c16a8, 0x05720000)
  to   space 2752K,   0% used [0x051c0000, 0x051c0000, 0x05470000)
 tenured generation   total 88732K, used 53237K [0x19150000, 0x1e7f7000, 0x43c00000)
   the space 88732K,  59% used [0x19150000, 0x1c54d538, 0x1c54d600, 0x1e7f7000)
 Metaspace       used 43420K, capacity 44727K, committed 45056K, reserved 45440K
Event: 10093.437 GC heap after
Heap after GC invocations=141 (full 6):
 def new generation   total 25024K, used 1847K [0x03c00000, 0x05720000, 0x19150000)
  eden space 22272K,   0% used [0x03c00000, 0x03c00000, 0x051c0000)
  from space 2752K,  67% used [0x051c0000, 0x0538de90, 0x05470000)
  to   space 2752K,   0% used [0x05470000, 0x05470000, 0x05720000)
 tenured generation   total 88732K, used 53237K [0x19150000, 0x1e7f7000, 0x43c00000)
   the space 88732K,  59% used [0x19150000, 0x1c54d538, 0x1c54d600, 0x1e7f7000)
 Metaspace       used 43420K, capacity 44727K, committed 45056K, reserved 45440K
}
Event: 10095.363 GC heap before
{Heap before GC invocations=141 (full 6):
 def new generation   total 25024K, used 24119K [0x03c00000, 0x05720000, 0x19150000)
  eden space 22272K, 100% used [0x03c00000, 0x051c0000, 0x051c0000)
  from space 2752K,  67% used [0x051c0000, 0x0538de90, 0x05470000)
  to   space 2752K,   0% used [0x05470000, 0x05470000, 0x05720000)
 tenured generation   total 88732K, used 53237K [0x19150000, 0x1e7f7000, 0x43c00000)
   the space 88732K,  59% used [0x19150000, 0x1c54d538, 0x1c54d600, 0x1e7f7000)
 Metaspace       used 43649K, capacity 44977K, committed 45312K, reserved 45440K
Event: 10095.387 GC heap after
Heap after GC invocations=142 (full 6):
 def new generation   total 25024K, used 1682K [0x03c00000, 0x05720000, 0x19150000)
  eden space 22272K,   0% used [0x03c00000, 0x03c00000, 0x051c0000)
  from space 2752K,  61% used [0x05470000, 0x056148b8, 0x05720000)
  to   space 2752K,   0% used [0x051c0000, 0x051c0000, 0x05470000)
 tenured generation   total 88732K, used 53900K [0x19150000, 0x1e7f7000, 0x43c00000)
   the space 88732K,  60% used [0x19150000, 0x1c5f32d0, 0x1c5f3400, 0x1e7f7000)
 Metaspace       used 43649K, capacity 44977K, committed 45312K, reserved 45440K
}
Event: 10096.205 GC heap before
{Heap before GC invocations=142 (full 6):
 def new generation   total 25024K, used 23954K [0x03c00000, 0x05720000, 0x19150000)
  eden space 22272K, 100% used [0x03c00000, 0x051c0000, 0x051c0000)
  from space 2752K,  61% used [0x05470000, 0x056148b8, 0x05720000)
  to   space 2752K,   0% used [0x051c0000, 0x051c0000, 0x05470000)
 tenured generation   total 88732K, used 53900K [0x19150000, 0x1e7f7000, 0x43c00000)
   the space 88732K,  60% used [0x19150000, 0x1c5f32d0, 0x1c5f3400, 0x1e7f7000)
 Metaspace       used 44526K, capacity 45873K, committed 46208K, reserved 46464K
Event: 10096.226 GC heap after
Heap after GC invocations=143 (full 6):
 def new generation   total 25024K, used 2361K [0x03c00000, 0x05720000, 0x19150000)
  eden space 22272K,   0% used [0x03c00000, 0x03c00000, 0x051c0000)
  from space 2752K,  85% used [0x051c0000, 0x0540e578, 0x05470000)
  to   space 2752K,   0% used [0x05470000, 0x05470000, 0x05720000)
 tenured generation   total 88732K, used 54411K [0x19150000, 0x1e7f7000, 0x43c00000)
   the space 88732K,  61% used [0x19150000, 0x1c672d00, 0x1c672e00, 0x1e7f7000)
 Metaspace       used 44526K, capacity 45873K, committed 46208K, reserved 46464K
}

